<?xml version="1.0" encoding="UTF-8"?>
<testsuite name="WordsTest" tests="7" skipped="0" failures="0" errors="0" timestamp="2019-02-20T16:02:56" hostname="nikolass-MBP" time="0.008">
  <properties/>
  <testcase name="testRandomWordFileNoInput" classname="WordsTest" time="0.003"/>
  <testcase name="testRandomWordReturnCounties" classname="WordsTest" time="0.003"/>
  <testcase name="testRandomWordFileInput" classname="WordsTest" time="0.001"/>
  <testcase name="testRandomWordReturnCountry" classname="WordsTest" time="0.0"/>
  <testcase name="testRandomWordFileDoesNotExist" classname="WordsTest" time="0.0"/>
  <testcase name="testRandomWordReturnCity" classname="WordsTest" time="0.0"/>
  <testcase name="testRandomWordInvalid" classname="WordsTest" time="0.0"/>
  <system-out><![CDATA[]]></system-out>
  <system-err><![CDATA[]]></system-err>
</testsuite>
