<?xml version="1.0" encoding="UTF-8"?>
<testsuite name="CommandOptsTest" tests="13" skipped="0" failures="0" errors="0" timestamp="2019-02-20T16:02:56" hostname="nikolass-MBP" time="0.004">
  <properties/>
  <testcase name="optionsTestOrder" classname="CommandOptsTest" time="0.001"/>
  <testcase name="constructorTest" classname="CommandOptsTest" time="0.0"/>
  <testcase name="optionTestWithWrongArguementsHint" classname="CommandOptsTest" time="0.001"/>
  <testcase name="optionTestWithWrongArguementsGuess" classname="CommandOptsTest" time="0.0"/>
  <testcase name="optionsTest1InputHints" classname="CommandOptsTest" time="0.0"/>
  <testcase name="optionTestWithWrongArguementsSource" classname="CommandOptsTest" time="0.0"/>
  <testcase name="optionsTest" classname="CommandOptsTest" time="0.0"/>
  <testcase name="optionsTest1InputGuesses" classname="CommandOptsTest" time="0.0"/>
  <testcase name="optionTestWithNullArguements" classname="CommandOptsTest" time="0.0"/>
  <testcase name="optionTestWithNoArguements" classname="CommandOptsTest" time="0.0"/>
  <testcase name="optionsTest1InputSource" classname="CommandOptsTest" time="0.0"/>
  <testcase name="optionsTestOrder2" classname="CommandOptsTest" time="0.0"/>
  <testcase name="optionsTestOrder3" classname="CommandOptsTest" time="0.0"/>
  <system-out><![CDATA[]]></system-out>
  <system-err><![CDATA[]]></system-err>
</testsuite>
